2022-03-08 12:31:57.684192;M2B_Workflow Entry
2022-03-08 12:31:57.684192;M2B_Workflow.TaskA Entry
2022-03-08 12:31:57.684192;M2B_Workflow.TaskA Executing DataLoad (Milestone2B_DataInput1.csv)
2022-03-08 12:31:57.686192;M2B_Workflow.TaskA Exit
2022-03-08 12:31:57.686192;M2B_Workflow.FlowA Entry
2022-03-08 12:31:57.686192;M2B_Workflow.FlowA.TaskB Entry
2022-03-08 12:31:57.686192;M2B_Workflow.FlowA.TaskB Executing TimeFunction (TaskB_Input, 16)
2022-03-08 12:31:57.687193;M2B_Workflow.FlowA.TaskC Entry
2022-03-08 12:31:57.687193;M2B_Workflow.FlowA.TaskC Executing DataLoad (Milestone2B_DataInput1.csv)
2022-03-08 12:31:57.687193;M2B_Workflow.FlowA.TaskD Entry
2022-03-08 12:31:57.687193;M2B_Workflow.FlowA.TaskD Skipped
2022-03-08 12:31:57.687193;M2B_Workflow.FlowA.TaskD Exit
2022-03-08 12:31:57.687193;M2B_Workflow.FlowA.FlowB Entry
2022-03-08 12:31:57.687193;M2B_Workflow.FlowA.FlowC Entry
2022-03-08 12:31:57.688193;M2B_Workflow.FlowA.FlowB.TaskE Entry
2022-03-08 12:31:57.688193;M2B_Workflow.FlowA.TaskI Entry
2022-03-08 12:31:57.688193;M2B_Workflow.FlowA.FlowC.TaskG Entry
2022-03-08 12:31:57.688193;M2B_Workflow.FlowA.TaskC Exit
2022-03-08 12:31:57.689193;M2B_Workflow.FlowA.FlowB.TaskE Executing DataLoad (Milestone2B_DataInput2.csv)
2022-03-08 12:31:57.689193;M2B_Workflow.FlowA.TaskI Executing TimeFunction (24, 5)
2022-03-08 12:31:57.689193;M2B_Workflow.FlowA.FlowC.TaskG Executing TimeFunction (TaskG_Input, 0)
2022-03-08 12:31:57.689193;M2B_Workflow.FlowA.FlowC.TaskG Exit
2022-03-08 12:31:57.689193;M2B_Workflow.FlowA.FlowC.TaskH Entry
2022-03-08 12:31:57.689193;M2B_Workflow.FlowA.FlowC.TaskH Executing TimeFunction (TaskH_Input, 0)
2022-03-08 12:31:57.689193;M2B_Workflow.FlowA.FlowC.TaskH Exit
2022-03-08 12:31:57.689193;M2B_Workflow.FlowA.FlowC Exit
2022-03-08 12:31:57.690193;M2B_Workflow.FlowA.FlowB.TaskE Exit
2022-03-08 12:31:57.690193;M2B_Workflow.FlowA.FlowB.TaskF Entry
2022-03-08 12:31:57.690193;M2B_Workflow.FlowA.FlowB.TaskF Executing TimeFunction (49, 5)
2022-03-08 12:32:02.696863;M2B_Workflow.FlowA.FlowB.TaskF Exit
2022-03-08 12:32:02.696863;M2B_Workflow.FlowA.TaskI Exit
2022-03-08 12:32:02.696863;M2B_Workflow.FlowA.FlowB Exit
2022-03-08 12:32:13.699566;M2B_Workflow.FlowA.TaskB Exit
2022-03-08 12:32:13.699566;M2B_Workflow.FlowA Exit
2022-03-08 12:32:13.699566;M2B_Workflow.FlowD Entry
2022-03-08 12:32:13.699566;M2B_Workflow.FlowD.TaskJ Entry
2022-03-08 12:32:13.699566;M2B_Workflow.FlowD.TaskJ Executing TimeFunction (TaskJ_Input, 1)
2022-03-08 12:32:13.700566;M2B_Workflow.FlowD.TaskZ Entry
2022-03-08 12:32:13.700566;M2B_Workflow.FlowD.TaskZ Executing TimeFunction (24, 2)
2022-03-08 12:32:14.701583;M2B_Workflow.FlowD.TaskJ Exit
2022-03-08 12:32:15.707096;M2B_Workflow.FlowD.TaskZ Exit
2022-03-08 12:32:15.707096;M2B_Workflow.FlowD Exit
2022-03-08 12:32:15.707096;M2B_Workflow Exit
